<?xml version="1.0" encoding="UTF-8"?>
<!-- Generated by org.testng.reporters.JUnitXMLReporter -->
<testsuite ignored="4" hostname="LAPTOP-0VDO5D5M" failures="0" tests="2" name="TestRunner1" time="67.278" errors="0" timestamp="2024-12-05T12:43:44 IST">
  <testcase classname="CROSSBROWSER.CreateProduct" name="CreateProductTest" time="20.095"/>
  <testcase classname="CROSSBROWSER.AddProducttoCampaign" name="campaignTest" time="16.745"/>
  <testcase classname="Generic_Utilities.BaseClassCross" name="@BeforeSuite bs" time="0.0">
    <ignored/>
  </testcase> <!-- @BeforeSuite bs -->
  <testcase classname="Generic_Utilities.BaseClassCross" name="@BeforeTest bt" time="0.0">
    <ignored/>
  </testcase> <!-- @BeforeTest bt -->
  <testcase classname="Generic_Utilities.BaseClassCross" name="@AfterSuite as" time="0.0">
    <ignored/>
  </testcase> <!-- @AfterSuite as -->
  <testcase classname="Generic_Utilities.BaseClassCross" name="@AfterTest at" time="0.0">
    <ignored/>
  </testcase> <!-- @AfterTest at -->
</testsuite> <!-- TestRunner1 -->
