<?xml version="1.0" encoding="UTF-8"?>
<!-- Generated by org.testng.reporters.JUnitXMLReporter -->
<testsuite ignored="8" hostname="LAPTOP-0VDO5D5M" failures="1" tests="3" name="Test" time="45.919" errors="0" timestamp="2024-12-11T11:30:11 IST">
  <testcase classname="ASSERTION_VTIGER.CreateOrganization1" name="CreateOrganizationTest" time="10.138"/>
  <testcase classname="ASSERTION_VTIGER.CreateCampaign1" name="createCampaignTest" time="7.819">
    <failure type="java.lang.AssertionError" message="null">
      <![CDATA[java.lang.AssertionError: null
at ASSERTION_VTIGER.CreateCampaign1.createCampaignTest(CreateCampaign1.java:48)
at java.base/java.util.ArrayList.forEach(ArrayList.java:1511)
... Removed 27 stack frames]]>
    </failure>
  </testcase> <!-- createCampaignTest -->
  <testcase classname="ASSERTION_VTIGER.CreateProduct" name="CreateProductTest" time="8.481"/>
  <testcase classname="Generic_Utilities.Base_Class" name="@BeforeTest bt" time="0.0">
    <ignored/>
  </testcase> <!-- @BeforeTest bt -->
  <testcase classname="Generic_Utilities.Base_Class" name="@BeforeTest bt" time="0.0">
    <ignored/>
  </testcase> <!-- @BeforeTest bt -->
  <testcase classname="Generic_Utilities.Base_Class" name="@AfterSuite as" time="0.0">
    <ignored/>
  </testcase> <!-- @AfterSuite as -->
  <testcase classname="Generic_Utilities.Base_Class" name="@AfterSuite as" time="0.0">
    <ignored/>
  </testcase> <!-- @AfterSuite as -->
  <testcase classname="Generic_Utilities.Base_Class" name="@AfterTest at" time="0.0">
    <ignored/>
  </testcase> <!-- @AfterTest at -->
  <testcase classname="Generic_Utilities.Base_Class" name="@AfterTest at" time="0.0">
    <ignored/>
  </testcase> <!-- @AfterTest at -->
  <testcase classname="Generic_Utilities.Base_Class" name="@BeforeSuite bs" time="0.0">
    <ignored/>
  </testcase> <!-- @BeforeSuite bs -->
  <testcase classname="Generic_Utilities.Base_Class" name="@BeforeSuite bs" time="0.0">
    <ignored/>
  </testcase> <!-- @BeforeSuite bs -->
</testsuite> <!-- Test -->
